<?xml version="1.0" encoding="UTF-8"?>
<testng-results ignored="0" total="2" passed="2" failed="0" skipped="0">
  <reporter-output>
  </reporter-output>
  <suite started-at="2021-11-23T23:20:08 IST" name="Default suite" finished-at="2021-11-23T23:20:08 IST" duration-ms="93">
    <groups>
    </groups>
    <test started-at="2021-11-23T23:20:08 IST" name="Default test" finished-at="2021-11-23T23:20:08 IST" duration-ms="93">
      <class name="Testng.NewTest">
        <test-method is-config="true" signature="beforeSuite()[pri:0, instance:Testng.NewTest@5ae50ce6]" started-at="2021-11-23T23:20:08 IST" name="beforeSuite" finished-at="2021-11-23T23:20:08 IST" duration-ms="19" status="PASS">
          <reporter-output>
          </reporter-output>
        </test-method> <!-- beforeSuite -->
        <test-method is-config="true" signature="beforeTest()[pri:0, instance:Testng.NewTest@5ae50ce6]" started-at="2021-11-23T23:20:08 IST" name="beforeTest" finished-at="2021-11-23T23:20:08 IST" duration-ms="0" status="PASS">
          <reporter-output>
          </reporter-output>
        </test-method> <!-- beforeTest -->
        <test-method is-config="true" signature="beforeClass()[pri:0, instance:Testng.NewTest@5ae50ce6]" started-at="2021-11-23T23:20:08 IST" name="beforeClass" finished-at="2021-11-23T23:20:08 IST" duration-ms="0" status="PASS">
          <reporter-output>
          </reporter-output>
        </test-method> <!-- beforeClass -->
        <test-method is-config="true" signature="beforeMethod()[pri:0, instance:Testng.NewTest@5ae50ce6]" started-at="2021-11-23T23:20:08 IST" name="beforeMethod" finished-at="2021-11-23T23:20:08 IST" duration-ms="0" status="PASS">
          <reporter-output>
          </reporter-output>
        </test-method> <!-- beforeMethod -->
        <test-method signature="login()[pri:0, instance:Testng.NewTest@5ae50ce6]" started-at="2021-11-23T23:20:08 IST" name="login" finished-at="2021-11-23T23:20:08 IST" duration-ms="11" status="PASS">
          <reporter-output>
          </reporter-output>
        </test-method> <!-- login -->
        <test-method is-config="true" signature="afterMethod()[pri:0, instance:Testng.NewTest@5ae50ce6]" started-at="2021-11-23T23:20:08 IST" name="afterMethod" finished-at="2021-11-23T23:20:08 IST" duration-ms="1" status="PASS">
          <reporter-output>
          </reporter-output>
        </test-method> <!-- afterMethod -->
        <test-method is-config="true" signature="beforeMethod()[pri:0, instance:Testng.NewTest@5ae50ce6]" started-at="2021-11-23T23:20:08 IST" name="beforeMethod" finished-at="2021-11-23T23:20:08 IST" duration-ms="0" status="PASS">
          <reporter-output>
          </reporter-output>
        </test-method> <!-- beforeMethod -->
        <test-method signature="logout()[pri:0, instance:Testng.NewTest@5ae50ce6]" started-at="2021-11-23T23:20:08 IST" name="logout" finished-at="2021-11-23T23:20:08 IST" duration-ms="5" status="PASS">
          <reporter-output>
          </reporter-output>
        </test-method> <!-- logout -->
        <test-method is-config="true" signature="afterMethod()[pri:0, instance:Testng.NewTest@5ae50ce6]" started-at="2021-11-23T23:20:08 IST" name="afterMethod" finished-at="2021-11-23T23:20:08 IST" duration-ms="0" status="PASS">
          <reporter-output>
          </reporter-output>
        </test-method> <!-- afterMethod -->
        <test-method is-config="true" signature="afterClass()[pri:0, instance:Testng.NewTest@5ae50ce6]" started-at="2021-11-23T23:20:08 IST" name="afterClass" finished-at="2021-11-23T23:20:08 IST" duration-ms="0" status="PASS">
          <reporter-output>
          </reporter-output>
        </test-method> <!-- afterClass -->
        <test-method is-config="true" signature="afterTest()[pri:0, instance:Testng.NewTest@5ae50ce6]" started-at="2021-11-23T23:20:08 IST" name="afterTest" finished-at="2021-11-23T23:20:08 IST" duration-ms="0" status="PASS">
          <reporter-output>
          </reporter-output>
        </test-method> <!-- afterTest -->
        <test-method is-config="true" signature="afterSuite()[pri:0, instance:Testng.NewTest@5ae50ce6]" started-at="2021-11-23T23:20:09 IST" name="afterSuite" finished-at="2021-11-23T23:20:09 IST" duration-ms="0" status="PASS">
          <reporter-output>
          </reporter-output>
        </test-method> <!-- afterSuite -->
      </class> <!-- Testng.NewTest -->
    </test> <!-- Default test -->
  </suite> <!-- Default suite -->
</testng-results>
