<?xml version="1.0" encoding="UTF-8"?>
<testng-results ignored="0" total="1" passed="1" failed="0" skipped="0">
  <reporter-output>
  </reporter-output>
  <suite started-at="2022-09-17T21:40:29 IST" name="Default suite" finished-at="2022-09-17T21:40:29 IST" duration-ms="54">
    <groups>
    </groups>
    <test started-at="2022-09-17T21:40:29 IST" name="Default test" finished-at="2022-09-17T21:40:29 IST" duration-ms="54">
      <class name="TestNG.Annotation">
        <test-method is-config="true" signature="beforeTest()[pri:0, instance:TestNG.Annotation@7a69b07]" started-at="2022-09-17T21:40:29 IST" name="beforeTest" finished-at="2022-09-17T21:40:29 IST" duration-ms="16" status="PASS">
          <reporter-output>
          </reporter-output>
        </test-method> <!-- beforeTest -->
        <test-method is-config="true" signature="beforeClass()[pri:0, instance:TestNG.Annotation@7a69b07]" started-at="2022-09-17T21:40:29 IST" name="beforeClass" finished-at="2022-09-17T21:40:29 IST" duration-ms="1" status="PASS">
          <reporter-output>
          </reporter-output>
        </test-method> <!-- beforeClass -->
        <test-method is-config="true" signature="beforeMethod()[pri:0, instance:TestNG.Annotation@7a69b07]" started-at="2022-09-17T21:40:29 IST" name="beforeMethod" finished-at="2022-09-17T21:40:29 IST" duration-ms="1" status="PASS">
          <reporter-output>
          </reporter-output>
        </test-method> <!-- beforeMethod -->
        <test-method signature="f()[pri:0, instance:TestNG.Annotation@7a69b07]" started-at="2022-09-17T21:40:29 IST" name="f" finished-at="2022-09-17T21:40:29 IST" duration-ms="4" status="PASS">
          <reporter-output>
          </reporter-output>
        </test-method> <!-- f -->
        <test-method is-config="true" signature="afterMethod()[pri:0, instance:TestNG.Annotation@7a69b07]" started-at="2022-09-17T21:40:29 IST" name="afterMethod" finished-at="2022-09-17T21:40:29 IST" duration-ms="0" status="PASS">
          <reporter-output>
          </reporter-output>
        </test-method> <!-- afterMethod -->
        <test-method is-config="true" signature="afterClass()[pri:0, instance:TestNG.Annotation@7a69b07]" started-at="2022-09-17T21:40:29 IST" name="afterClass" finished-at="2022-09-17T21:40:29 IST" duration-ms="0" status="PASS">
          <reporter-output>
          </reporter-output>
        </test-method> <!-- afterClass -->
        <test-method is-config="true" signature="afterTest()[pri:0, instance:TestNG.Annotation@7a69b07]" started-at="2022-09-17T21:40:29 IST" name="afterTest" finished-at="2022-09-17T21:40:29 IST" duration-ms="0" status="PASS">
          <reporter-output>
          </reporter-output>
        </test-method> <!-- afterTest -->
      </class> <!-- TestNG.Annotation -->
    </test> <!-- Default test -->
  </suite> <!-- Default suite -->
</testng-results>
